2024-04-28 15:23:16,248 - root - ERROR - Error: 'Unknown cost type: 1 asterisk'
2024-04-28 15:23:16,547 - root - ERROR - Error in thread while executing export function: 'NoneType' object is not iterable
Traceback (most recent call last):
  File "C:\Users\loana\Documents\Fichiers\Code\Pixels Card Generator\main.py", line 37, in target_func
    export_function(*args, **kwargs)
  File "C:\Users\loana\Documents\Fichiers\Code\Pixels Card Generator\main.py", line 170, in export_card
    image, name = cards.create_card(row)
                  ^^^^^^^^^^^^^^^^^^^^^^
  File "C:\Users\loana\Documents\Fichiers\Code\Pixels Card Generator\model\cards.py", line 318, in create_card
    paste_card_art(name, image, cost, temple)
  File "C:\Users\loana\Documents\Fichiers\Code\Pixels Card Generator\model\cards.py", line 72, in paste_card_art
    for cost in cost:
TypeError: 'NoneType' object is not iterable

2024-04-28 15:23:18,721 - root - ERROR - Error: 'Unknown cost type: 1 asterisk'
2024-04-28 15:23:18,841 - root - ERROR - Error in thread while executing export function: 'NoneType' object is not iterable
Traceback (most recent call last):
  File "C:\Users\loana\Documents\Fichiers\Code\Pixels Card Generator\main.py", line 37, in target_func
    export_function(*args, **kwargs)
  File "C:\Users\loana\Documents\Fichiers\Code\Pixels Card Generator\main.py", line 170, in export_card
    image, name = cards.create_card(row)
                  ^^^^^^^^^^^^^^^^^^^^^^
  File "C:\Users\loana\Documents\Fichiers\Code\Pixels Card Generator\model\cards.py", line 318, in create_card
    paste_card_art(name, image, cost, temple)
  File "C:\Users\loana\Documents\Fichiers\Code\Pixels Card Generator\model\cards.py", line 72, in paste_card_art
    for cost in cost:
TypeError: 'NoneType' object is not iterable

2024-04-28 15:23:19,216 - root - ERROR - Error: 'Unknown cost type: 1 asterisk'
2024-04-28 15:23:19,335 - root - ERROR - Error in thread while executing export function: 'NoneType' object is not iterable
Traceback (most recent call last):
  File "C:\Users\loana\Documents\Fichiers\Code\Pixels Card Generator\main.py", line 37, in target_func
    export_function(*args, **kwargs)
  File "C:\Users\loana\Documents\Fichiers\Code\Pixels Card Generator\main.py", line 170, in export_card
    image, name = cards.create_card(row)
                  ^^^^^^^^^^^^^^^^^^^^^^
  File "C:\Users\loana\Documents\Fichiers\Code\Pixels Card Generator\model\cards.py", line 318, in create_card
    paste_card_art(name, image, cost, temple)
  File "C:\Users\loana\Documents\Fichiers\Code\Pixels Card Generator\model\cards.py", line 72, in paste_card_art
    for cost in cost:
TypeError: 'NoneType' object is not iterable

2024-04-28 15:23:21,683 - root - ERROR - Error: 'Unknown cost type: 1 asterisk'
2024-04-28 15:23:21,863 - root - ERROR - Error in thread while executing export function: 'NoneType' object is not iterable
Traceback (most recent call last):
  File "C:\Users\loana\Documents\Fichiers\Code\Pixels Card Generator\main.py", line 37, in target_func
    export_function(*args, **kwargs)
  File "C:\Users\loana\Documents\Fichiers\Code\Pixels Card Generator\main.py", line 170, in export_card
    image, name = cards.create_card(row)
                  ^^^^^^^^^^^^^^^^^^^^^^
  File "C:\Users\loana\Documents\Fichiers\Code\Pixels Card Generator\model\cards.py", line 318, in create_card
    paste_card_art(name, image, cost, temple)
  File "C:\Users\loana\Documents\Fichiers\Code\Pixels Card Generator\model\cards.py", line 72, in paste_card_art
    for cost in cost:
TypeError: 'NoneType' object is not iterable

2024-04-28 15:23:22,229 - root - ERROR - Error: 'Unknown cost type: 1 asterisk'
2024-04-28 15:23:22,296 - root - ERROR - Error: 'Unknown cost type: 1 asterisk'
2024-04-28 15:23:22,361 - root - ERROR - Error in thread while executing export function: 'NoneType' object is not iterable
Traceback (most recent call last):
  File "C:\Users\loana\Documents\Fichiers\Code\Pixels Card Generator\main.py", line 37, in target_func
    export_function(*args, **kwargs)
  File "C:\Users\loana\Documents\Fichiers\Code\Pixels Card Generator\main.py", line 170, in export_card
    image, name = cards.create_card(row)
                  ^^^^^^^^^^^^^^^^^^^^^^
  File "C:\Users\loana\Documents\Fichiers\Code\Pixels Card Generator\model\cards.py", line 318, in create_card
    paste_card_art(name, image, cost, temple)
  File "C:\Users\loana\Documents\Fichiers\Code\Pixels Card Generator\model\cards.py", line 72, in paste_card_art
    for cost in cost:
TypeError: 'NoneType' object is not iterable

2024-04-28 15:23:22,524 - root - ERROR - Error in thread while executing export function: 'NoneType' object is not iterable
Traceback (most recent call last):
  File "C:\Users\loana\Documents\Fichiers\Code\Pixels Card Generator\main.py", line 37, in target_func
    export_function(*args, **kwargs)
  File "C:\Users\loana\Documents\Fichiers\Code\Pixels Card Generator\main.py", line 170, in export_card
    image, name = cards.create_card(row)
                  ^^^^^^^^^^^^^^^^^^^^^^
  File "C:\Users\loana\Documents\Fichiers\Code\Pixels Card Generator\model\cards.py", line 318, in create_card
    paste_card_art(name, image, cost, temple)
  File "C:\Users\loana\Documents\Fichiers\Code\Pixels Card Generator\model\cards.py", line 72, in paste_card_art
    for cost in cost:
TypeError: 'NoneType' object is not iterable

2024-04-28 15:23:24,971 - root - ERROR - Error: 'Unknown cost type: 1 shattered Sapphire'
2024-04-28 15:23:25,132 - root - ERROR - Error in thread while executing export function: 'NoneType' object is not iterable
Traceback (most recent call last):
  File "C:\Users\loana\Documents\Fichiers\Code\Pixels Card Generator\main.py", line 37, in target_func
    export_function(*args, **kwargs)
  File "C:\Users\loana\Documents\Fichiers\Code\Pixels Card Generator\main.py", line 170, in export_card
    image, name = cards.create_card(row)
                  ^^^^^^^^^^^^^^^^^^^^^^
  File "C:\Users\loana\Documents\Fichiers\Code\Pixels Card Generator\model\cards.py", line 318, in create_card
    paste_card_art(name, image, cost, temple)
  File "C:\Users\loana\Documents\Fichiers\Code\Pixels Card Generator\model\cards.py", line 72, in paste_card_art
    for cost in cost:
TypeError: 'NoneType' object is not iterable

2024-04-28 15:23:25,801 - root - ERROR - Error: 'Unknown cost type: 1 shattered Ruby'
2024-04-28 15:23:25,886 - root - ERROR - Error in thread while executing export function: 'NoneType' object is not iterable
Traceback (most recent call last):
  File "C:\Users\loana\Documents\Fichiers\Code\Pixels Card Generator\main.py", line 37, in target_func
    export_function(*args, **kwargs)
  File "C:\Users\loana\Documents\Fichiers\Code\Pixels Card Generator\main.py", line 170, in export_card
    image, name = cards.create_card(row)
                  ^^^^^^^^^^^^^^^^^^^^^^
  File "C:\Users\loana\Documents\Fichiers\Code\Pixels Card Generator\model\cards.py", line 318, in create_card
    paste_card_art(name, image, cost, temple)
  File "C:\Users\loana\Documents\Fichiers\Code\Pixels Card Generator\model\cards.py", line 72, in paste_card_art
    for cost in cost:
TypeError: 'NoneType' object is not iterable

